# JRE version: Java(TM) SE Runtime Environment 18.9 (11.0.9+7) (build 11.0.9+7-LTS)
# Java VM: Java HotSpot(TM) 64-Bit Server VM 18.9 (11.0.9+7-LTS, mixed mode, tiered, compressed oops, g1 gc, windows-amd64)
Heap:
 garbage-first heap   total 65536K, used 7433K [0x00000000c1600000, 0x0000000100000000)
  region size 1024K, 3 young (3072K), 2 survivors (2048K)
 Metaspace       used 24136K, capacity 24900K, committed 25264K, reserved 1071104K
  class space    used 2660K, capacity 2953K, committed 3072K, reserved 1048576K
GC Heap History (6 events):
Event: 2.987 GC heap before
{Heap before GC invocations=0 (full 0):
 garbage-first heap   total 65536K, used 13312K [0x00000000c1600000, 0x0000000100000000)
  region size 1024K, 14 young (14336K), 0 survivors (0K)
 Metaspace       used 11467K, capacity 11773K, committed 12032K, reserved 1060864K
  class space    used 1089K, capacity 1203K, committed 1280K, reserved 1048576K
}
Event: 2.993 GC heap after
{Heap after GC invocations=1 (full 0):
 garbage-first heap   total 65536K, used 3575K [0x00000000c1600000, 0x0000000100000000)
  region size 1024K, 2 young (2048K), 2 survivors (2048K)
 Metaspace       used 11467K, capacity 11773K, committed 12032K, reserved 1060864K
  class space    used 1089K, capacity 1203K, committed 1280K, reserved 1048576K
}
Event: 5.225 GC heap before
{Heap before GC invocations=1 (full 0):
 garbage-first heap   total 65536K, used 33271K [0x00000000c1600000, 0x0000000100000000)
  region size 1024K, 32 young (32768K), 2 survivors (2048K)
 Metaspace       used 20701K, capacity 21175K, committed 21296K, reserved 1069056K
  class space    used 2161K, capacity 2359K, committed 2432K, reserved 1048576K
}
Event: 5.242 GC heap after
{Heap after GC invocations=2 (full 0):
 garbage-first heap   total 65536K, used 6157K [0x00000000c1600000, 0x0000000100000000)
  region size 1024K, 5 young (5120K), 5 survivors (5120K)
 Metaspace       used 20701K, capacity 21175K, committed 21296K, reserved 1069056K
  class space    used 2161K, capacity 2359K, committed 2432K, reserved 1048576K
}
Event: 22.762 GC heap before
{Heap before GC invocations=3 (full 0):
 garbage-first heap   total 65536K, used 19469K [0x00000000c1600000, 0x0000000100000000)
  region size 1024K, 19 young (19456K), 5 survivors (5120K)
 Metaspace       used 24094K, capacity 24804K, committed 24880K, reserved 1071104K
  class space    used 2651K, capacity 2921K, committed 2944K, reserved 1048576K
}
Event: 22.773 GC heap after
{Heap after GC invocations=4 (full 0):
 garbage-first heap   total 65536K, used 7433K [0x00000000c1600000, 0x0000000100000000)
  region size 1024K, 2 young (2048K), 2 survivors (2048K)
 Metaspace       used 24094K, capacity 24804K, committed 24880K, reserved 1071104K
  class space    used 2651K, capacity 2921K, committed 2944K, reserved 1048576K
}

